<?xml version="1.0" encoding="UTF-8"?>
<testng-results skipped="0" failed="0" ignored="0" total="1" passed="1">
  <reporter-output>
  </reporter-output>
  <suite name="Suite" duration-ms="74413" started-at="2024-03-16T14:35:53 IST" finished-at="2024-03-16T14:37:08 IST">
    <groups>
    </groups>
    <test name="Test" duration-ms="74413" started-at="2024-03-16T14:35:53 IST" finished-at="2024-03-16T14:37:08 IST">
      <class name="ibaasalman.tests.tests">
        <test-method status="PASS" signature="goTo()[pri:0, instance:ibaasalman.tests.tests@1af5db5]" name="goTo" is-config="true" duration-ms="24934" started-at="2024-03-16T14:35:53 IST" finished-at="2024-03-16T14:36:18 IST">
          <reporter-output>
          </reporter-output>
        </test-method> <!-- goTo -->
        <test-method status="PASS" signature="Login()[pri:0, instance:ibaasalman.tests.tests@1af5db5]" name="Login" duration-ms="49292" started-at="2024-03-16T14:36:18 IST" finished-at="2024-03-16T14:37:07 IST">
          <reporter-output>
          </reporter-output>
        </test-method> <!-- Login -->
        <test-method status="PASS" signature="close()[pri:0, instance:ibaasalman.tests.tests@1af5db5]" name="close" is-config="true" duration-ms="161" started-at="2024-03-16T14:37:07 IST" finished-at="2024-03-16T14:37:08 IST">
          <reporter-output>
          </reporter-output>
        </test-method> <!-- close -->
      </class> <!-- ibaasalman.tests.tests -->
    </test> <!-- Test -->
  </suite> <!-- Suite -->
</testng-results>
