<?xml version="1.0" encoding="UTF-8"?>
<!-- Generated by org.testng.reporters.JUnitXMLReporter -->
<testsuite hostname="DESKTOP-4FABREF" ignored="0" name="Test" tests="3" failures="1" timestamp="13 Mar 2024 09:32:11 GMT" time="59.376" errors="0">
  <testcase name="submitOrder" time="24.949" classname="firstSeleniumFrameWork.tests.FirstTest"/>
  <testcase name="submitOrder" time="5.243" classname="firstSeleniumFrameWork.tests.FirstTest">
    <failure type="java.lang.NullPointerException">
      <![CDATA[java.lang.NullPointerException
at ibaasalman.pageObjectModel.ProductsPage.addProductToCart(ProductsPage.java:27)
at firstSeleniumFrameWork.tests.FirstTest.submitOrder(FirstTest.java:45)
... Removed 25 stack frames]]>
    </failure>
  </testcase> <!-- submitOrder -->
  <testcase name="submitOrder" time="24.712" classname="firstSeleniumFrameWork.tests.FirstTest"/>
</testsuite> <!-- Test -->
