<?xml version="1.0" encoding="UTF-8"?>
<testng-results skipped="0" failed="1" ignored="0" total="3" passed="2">
  <reporter-output>
  </reporter-output>
  <suite name="Suite" duration-ms="59376" started-at="2024-03-13T09:31:11Z" finished-at="2024-03-13T09:32:11Z">
    <groups>
    </groups>
    <test name="Test" duration-ms="59376" started-at="2024-03-13T09:31:11Z" finished-at="2024-03-13T09:32:11Z">
      <class name="firstSeleniumFrameWork.tests.FirstTest">
        <test-method status="PASS" signature="initializeDriver()[pri:0, instance:firstSeleniumFrameWork.tests.FirstTest@13ca52e]" name="initializeDriver" is-config="true" duration-ms="1665" started-at="2024-03-13T09:31:12Z" finished-at="2024-03-13T09:31:13Z">
          <reporter-output>
          </reporter-output>
        </test-method> <!-- initializeDriver -->
        <test-method status="PASS" signature="submitOrder(java.util.HashMap)[pri:0, instance:firstSeleniumFrameWork.tests.FirstTest@13ca52e]" name="submitOrder" duration-ms="24949" started-at="2024-03-13T09:31:13Z" data-provider="getData" finished-at="2024-03-13T09:31:38Z">
          <params>
            <param index="0">
              <value>
                <![CDATA[{Email=titoc63178@fashlend.com, ProdName=ADIDAS ORIGINAL, CSV=1234, NameONCard=John Doe, Country=Palestine, CreditCardNumber=4542 9931 9292 2293, ExpiredDateMonth=05, ExpiredDateYear=23, Password=titoc63178@A}]]>
              </value>
            </param>
          </params>
          <reporter-output>
          </reporter-output>
        </test-method> <!-- submitOrder -->
        <test-method status="PASS" signature="close()[pri:0, instance:firstSeleniumFrameWork.tests.FirstTest@13ca52e]" name="close" is-config="true" duration-ms="158" started-at="2024-03-13T09:31:38Z" finished-at="2024-03-13T09:31:38Z">
          <reporter-output>
          </reporter-output>
        </test-method> <!-- close -->
        <test-method status="PASS" signature="initializeDriver()[pri:0, instance:firstSeleniumFrameWork.tests.FirstTest@13ca52e]" name="initializeDriver" is-config="true" duration-ms="974" started-at="2024-03-13T09:31:38Z" finished-at="2024-03-13T09:31:39Z">
          <reporter-output>
          </reporter-output>
        </test-method> <!-- initializeDriver -->
        <test-method status="FAIL" signature="submitOrder(java.util.HashMap)[pri:0, instance:firstSeleniumFrameWork.tests.FirstTest@13ca52e]" name="submitOrder" duration-ms="5243" started-at="2024-03-13T09:31:39Z" data-provider="getData" finished-at="2024-03-13T09:31:45Z">
          <params>
            <param index="0">
              <value>
                <![CDATA[{Email=titoc63178@fashlend.com, ProdName=Zara ORIGINAL, CSV=1234, NameONCard=John Doe, Country=Cypres, CreditCardNumber=4542 9931 9292 2293, ExpiredDateMonth=05, ExpiredDateYear=23, Password=titoc63178@A}]]>
              </value>
            </param>
          </params>
          <exception class="java.lang.NullPointerException">
            <full-stacktrace>
              <![CDATA[java.lang.NullPointerException
at ibaasalman.pageObjectModel.ProductsPage.addProductToCart(ProductsPage.java:27)
at firstSeleniumFrameWork.tests.FirstTest.submitOrder(FirstTest.java:45)
at sun.reflect.NativeMethodAccessorImpl.invoke0(Native Method)
at sun.reflect.NativeMethodAccessorImpl.invoke(Unknown Source)
at sun.reflect.DelegatingMethodAccessorImpl.invoke(Unknown Source)
at java.lang.reflect.Method.invoke(Unknown Source)
at org.testng.internal.MethodInvocationHelper.invokeMethod(MethodInvocationHelper.java:124)
at org.testng.internal.Invoker.invokeMethod(Invoker.java:583)
at org.testng.internal.Invoker.invokeTestMethod(Invoker.java:719)
at org.testng.internal.Invoker.invokeTestMethods(Invoker.java:989)
at org.testng.internal.TestMethodWorker.invokeTestMethods(TestMethodWorker.java:125)
at org.testng.internal.TestMethodWorker.run(TestMethodWorker.java:109)
at org.testng.TestRunner.privateRun(TestRunner.java:648)
at org.testng.TestRunner.run(TestRunner.java:505)
at org.testng.SuiteRunner.runTest(SuiteRunner.java:455)
at org.testng.SuiteRunner.runSequentially(SuiteRunner.java:450)
at org.testng.SuiteRunner.privateRun(SuiteRunner.java:415)
at org.testng.SuiteRunner.run(SuiteRunner.java:364)
at org.testng.SuiteRunnerWorker.runSuite(SuiteRunnerWorker.java:52)
at org.testng.SuiteRunnerWorker.run(SuiteRunnerWorker.java:84)
at org.testng.TestNG.runSuitesSequentially(TestNG.java:1208)
at org.testng.TestNG.runSuitesLocally(TestNG.java:1137)
at org.testng.TestNG.runSuites(TestNG.java:1049)
at org.testng.TestNG.run(TestNG.java:1017)
at org.testng.remote.AbstractRemoteTestNG.run(AbstractRemoteTestNG.java:115)
at org.testng.remote.RemoteTestNG.initAndRun(RemoteTestNG.java:251)
at org.testng.remote.RemoteTestNG.main(RemoteTestNG.java:77)
]]>
            </full-stacktrace>
          </exception> <!-- java.lang.NullPointerException -->
          <reporter-output>
          </reporter-output>
        </test-method> <!-- submitOrder -->
        <test-method status="PASS" signature="close()[pri:0, instance:firstSeleniumFrameWork.tests.FirstTest@13ca52e]" name="close" is-config="true" duration-ms="162" started-at="2024-03-13T09:31:45Z" finished-at="2024-03-13T09:31:45Z">
          <reporter-output>
          </reporter-output>
        </test-method> <!-- close -->
        <test-method status="PASS" signature="initializeDriver()[pri:0, instance:firstSeleniumFrameWork.tests.FirstTest@13ca52e]" name="initializeDriver" is-config="true" duration-ms="1006" started-at="2024-03-13T09:31:45Z" finished-at="2024-03-13T09:31:46Z">
          <reporter-output>
          </reporter-output>
        </test-method> <!-- initializeDriver -->
        <test-method status="PASS" signature="submitOrder(java.util.HashMap)[pri:0, instance:firstSeleniumFrameWork.tests.FirstTest@13ca52e]" name="submitOrder" duration-ms="24712" started-at="2024-03-13T09:31:46Z" data-provider="getData" finished-at="2024-03-13T09:32:11Z">
          <params>
            <param index="0">
              <value>
                <![CDATA[{Email=titoc63178@fashlend.com, ProdName=IPHONE 13 PRO, CSV=1234, NameONCard=John Doe, Country=Egypt, CreditCardNumber=4542 9931 9292 2293, ExpiredDateMonth=05, ExpiredDateYear=23, Password=titoc63178@A}]]>
              </value>
            </param>
          </params>
          <reporter-output>
          </reporter-output>
        </test-method> <!-- submitOrder -->
        <test-method status="PASS" signature="close()[pri:0, instance:firstSeleniumFrameWork.tests.FirstTest@13ca52e]" name="close" is-config="true" duration-ms="174" started-at="2024-03-13T09:32:11Z" finished-at="2024-03-13T09:32:11Z">
          <reporter-output>
          </reporter-output>
        </test-method> <!-- close -->
      </class> <!-- firstSeleniumFrameWork.tests.FirstTest -->
    </test> <!-- Test -->
  </suite> <!-- Suite -->
</testng-results>
